2023-12-05 19:35:37,497 INFO o.a.j.u.JMeterUtils: Setting Locale to en_EN
2023-12-05 19:35:37,520 INFO o.a.j.JMeter: Loading user properties from: E:\SQA Course\apache-jmeter-5.6.2\bin\user.properties
2023-12-05 19:35:37,521 INFO o.a.j.JMeter: Loading system properties from: E:\SQA Course\apache-jmeter-5.6.2\bin\system.properties
2023-12-05 19:35:37,529 INFO o.a.j.JMeter: Copyright (c) 1998-2023 The Apache Software Foundation
2023-12-05 19:35:37,530 INFO o.a.j.JMeter: Version 5.6.2
2023-12-05 19:35:37,530 INFO o.a.j.JMeter: java.version=11.0.16.1
2023-12-05 19:35:37,530 INFO o.a.j.JMeter: java.vm.name=Java HotSpot(TM) 64-Bit Server VM
2023-12-05 19:35:37,530 INFO o.a.j.JMeter: os.name=Windows 10
2023-12-05 19:35:37,530 INFO o.a.j.JMeter: os.arch=amd64
2023-12-05 19:35:37,532 INFO o.a.j.JMeter: os.version=10.0
2023-12-05 19:35:37,532 INFO o.a.j.JMeter: file.encoding=Cp1252
2023-12-05 19:35:37,532 INFO o.a.j.JMeter: java.awt.headless=true
2023-12-05 19:35:37,532 INFO o.a.j.JMeter: Max memory     =1073741824
2023-12-05 19:35:37,532 INFO o.a.j.JMeter: Available Processors =4
2023-12-05 19:35:37,547 INFO o.a.j.JMeter: Default Locale=English (EN)
2023-12-05 19:35:37,548 INFO o.a.j.JMeter: JMeter  Locale=English (EN)
2023-12-05 19:35:37,548 INFO o.a.j.JMeter: JMeterHome=E:\SQA Course\apache-jmeter-5.6.2
2023-12-05 19:35:37,548 INFO o.a.j.JMeter: user.dir  =E:\SQA Course\apache-jmeter-5.6.2\bin\Transaction_API_Testing
2023-12-05 19:35:37,548 INFO o.a.j.JMeter: PWD       =E:\SQA Course\apache-jmeter-5.6.2\bin\Transaction_API_Testing
2023-12-05 19:35:37,549 INFO o.a.j.JMeter: IP: 192.168.43.62 Name: DESKTOP-7I7O04N FullName: DESKTOP-7I7O04N
2023-12-05 19:35:37,568 INFO o.a.j.JMeter: Setting property 'jmeter.reportgenerator.outputdir' to:'E:\SQA Course\apache-jmeter-5.6.2\bin\Transaction_API_Testing\Reports'
2023-12-05 19:35:37,571 INFO o.a.j.s.FileServer: Default base='E:\SQA Course\apache-jmeter-5.6.2\bin\Transaction_API_Testing'
2023-12-05 19:35:37,573 INFO o.a.j.s.FileServer: Set new base='E:\SQA Course\apache-jmeter-5.6.2\bin\Transaction_API_Testing\.'
2023-12-05 19:35:37,823 INFO o.a.j.s.SaveService: Testplan (JMX) version: 2.2. Testlog (JTL) version: 2.2
2023-12-05 19:35:37,845 INFO o.a.j.s.SaveService: Using SaveService properties version 5.0
2023-12-05 19:35:37,848 INFO o.a.j.s.SaveService: Using SaveService properties file encoding UTF-8
2023-12-05 19:35:37,851 INFO o.a.j.s.SaveService: Loading file: .\Demo_TransactionAPI_Jmeter.jmx
2023-12-05 19:35:37,960 INFO o.a.j.p.h.s.HTTPSamplerBase: Parser for text/html is org.apache.jmeter.protocol.http.parser.LagartoBasedHtmlParser
2023-12-05 19:35:37,961 INFO o.a.j.p.h.s.HTTPSamplerBase: Parser for application/xhtml+xml is org.apache.jmeter.protocol.http.parser.LagartoBasedHtmlParser
2023-12-05 19:35:37,961 INFO o.a.j.p.h.s.HTTPSamplerBase: Parser for application/xml is org.apache.jmeter.protocol.http.parser.LagartoBasedHtmlParser
2023-12-05 19:35:37,961 INFO o.a.j.p.h.s.HTTPSamplerBase: Parser for text/xml is org.apache.jmeter.protocol.http.parser.LagartoBasedHtmlParser
2023-12-05 19:35:37,961 INFO o.a.j.p.h.s.HTTPSamplerBase: Parser for text/vnd.wap.wml is org.apache.jmeter.protocol.http.parser.RegexpHTMLParser
2023-12-05 19:35:37,961 INFO o.a.j.p.h.s.HTTPSamplerBase: Parser for text/css is org.apache.jmeter.protocol.http.parser.CssParser
2023-12-05 19:35:38,025 INFO o.a.j.JMeter: Creating summariser <summary>
2023-12-05 19:35:38,030 INFO o.a.j.r.d.ReportGenerator: ReportGenerator will use for Parsing the separator: ','
2023-12-05 19:35:38,030 INFO o.a.j.r.d.ReportGenerator: Will generate report at end of test from  results file: .\Demo_TransactionAPI_Jmeter.csv
2023-12-05 19:35:38,031 INFO o.a.j.r.d.ReportGenerator: Reading report generator properties from: E:\SQA Course\apache-jmeter-5.6.2\bin\reportgenerator.properties
2023-12-05 19:35:38,060 INFO o.a.j.r.d.ReportGenerator: Merging with JMeter properties
2023-12-05 19:35:38,096 INFO o.a.j.r.c.ReportGeneratorConfiguration: Property 'jmeter.reportgenerator.temp_dir' not found, using default value 'temp' instead.
2023-12-05 19:35:38,107 INFO o.a.j.r.c.ReportGeneratorConfiguration: Property 'jmeter.reportgenerator.apdex_per_transaction' not found, using default value 'null' instead.
2023-12-05 19:35:38,107 INFO o.a.j.r.c.ReportGeneratorConfiguration: apdex_per_transaction is empty, not APDEX per transaction customization
2023-12-05 19:35:38,108 INFO o.a.j.r.c.ReportGeneratorConfiguration: Property 'jmeter.reportgenerator.sample_filter' not found, using default value 'null' instead.
2023-12-05 19:35:38,108 INFO o.a.j.r.c.ReportGeneratorConfiguration: Property 'jmeter.reportgenerator.report_title' not found, using default value 'null' instead.
2023-12-05 19:35:38,108 INFO o.a.j.r.c.ReportGeneratorConfiguration: Property 'jmeter.reportgenerator.start_date' not found, using default value 'null' instead.
2023-12-05 19:35:38,109 INFO o.a.j.r.c.ReportGeneratorConfiguration: Property 'jmeter.reportgenerator.end_date' not found, using default value 'null' instead.
2023-12-05 19:35:38,109 INFO o.a.j.r.c.ReportGeneratorConfiguration: Property 'jmeter.reportgenerator.date_format' not found, using default value 'null' instead.
2023-12-05 19:35:38,111 INFO o.a.j.r.c.ReportGeneratorConfiguration: Will use date range start date: null, end date: null
2023-12-05 19:35:38,128 INFO o.a.j.r.c.ReportGeneratorConfiguration: Property 'jmeter.reportgenerator.graph.totalTPS.exclude_controllers' not found, using default value 'false' instead.
2023-12-05 19:35:38,129 INFO o.a.j.r.c.ReportGeneratorConfiguration: Property 'jmeter.reportgenerator.graph.activeThreadsOverTime.exclude_controllers' not found, using default value 'false' instead.
2023-12-05 19:35:38,129 INFO o.a.j.r.c.ReportGeneratorConfiguration: Property 'jmeter.reportgenerator.graph.timeVsThreads.exclude_controllers' not found, using default value 'false' instead.
2023-12-05 19:35:38,130 INFO o.a.j.r.c.ReportGeneratorConfiguration: Property 'jmeter.reportgenerator.graph.responseTimeDistribution.exclude_controllers' not found, using default value 'false' instead.
2023-12-05 19:35:38,131 INFO o.a.j.r.c.ReportGeneratorConfiguration: Property 'jmeter.reportgenerator.graph.transactionsPerSecond.exclude_controllers' not found, using default value 'false' instead.
2023-12-05 19:35:38,131 INFO o.a.j.r.c.ReportGeneratorConfiguration: Property 'jmeter.reportgenerator.graph.responseTimePercentiles.exclude_controllers' not found, using default value 'false' instead.
2023-12-05 19:35:38,132 INFO o.a.j.r.c.ReportGeneratorConfiguration: Property 'jmeter.reportgenerator.graph.responseTimePercentilesOverTime.exclude_controllers' not found, using default value 'false' instead.
2023-12-05 19:35:38,133 INFO o.a.j.r.c.ReportGeneratorConfiguration: Property 'jmeter.reportgenerator.graph.responseTimesOverTime.exclude_controllers' not found, using default value 'false' instead.
2023-12-05 19:35:38,134 INFO o.a.j.r.c.ReportGeneratorConfiguration: Property 'jmeter.reportgenerator.graph.connectTimeOverTime.exclude_controllers' not found, using default value 'false' instead.
2023-12-05 19:35:38,134 INFO o.a.j.r.c.ReportGeneratorConfiguration: Property 'jmeter.reportgenerator.graph.latenciesOverTime.exclude_controllers' not found, using default value 'false' instead.
2023-12-05 19:35:38,137 INFO o.a.j.r.c.ReportGeneratorConfiguration: Property 'jmeter.reportgenerator.exporter.json.filters_only_sample_series' not found, using default value 'true' instead.
2023-12-05 19:35:38,138 INFO o.a.j.r.c.ReportGeneratorConfiguration: Property 'jmeter.reportgenerator.exporter.json.series_filter' not found, using default value '' instead.
2023-12-05 19:35:38,138 INFO o.a.j.r.c.ReportGeneratorConfiguration: Property 'jmeter.reportgenerator.exporter.json.show_controllers_only' not found, using default value 'false' instead.
2023-12-05 19:35:38,140 INFO o.a.j.r.c.ReportGeneratorConfiguration: Property 'jmeter.reportgenerator.exporter.html.filters_only_sample_series' not found, using default value 'true' instead.
2023-12-05 19:35:38,140 INFO o.a.j.r.c.ReportGeneratorConfiguration: Property 'jmeter.reportgenerator.exporter.html.series_filter' not found, using default value '' instead.
2023-12-05 19:35:38,140 INFO o.a.j.r.c.ReportGeneratorConfiguration: Property 'jmeter.reportgenerator.exporter.html.show_controllers_only' not found, using default value 'false' instead.
2023-12-05 19:35:38,184 INFO o.a.j.e.StandardJMeterEngine: Running the test!
2023-12-05 19:35:38,186 INFO o.a.j.s.SampleEvent: List of sample_variables: []
2023-12-05 19:35:38,186 INFO o.a.j.s.SampleEvent: List of sample_variables: []
2023-12-05 19:35:38,200 INFO o.a.j.e.u.CompoundVariable: Note: Function class names must contain the string: '.functions.'
2023-12-05 19:35:38,200 INFO o.a.j.e.u.CompoundVariable: Note: Function class names must not contain the string: '.gui.'
2023-12-05 19:35:38,606 INFO o.a.j.JMeter: Running test (1701783338605)
2023-12-05 19:35:38,634 INFO o.a.j.e.StandardJMeterEngine: Starting ThreadGroup: 1 : Thread Group
2023-12-05 19:35:38,635 INFO o.a.j.e.StandardJMeterEngine: Starting 1 threads for group Thread Group.
2023-12-05 19:35:38,635 INFO o.a.j.e.StandardJMeterEngine: Thread will continue on error
2023-12-05 19:35:38,636 INFO o.a.j.t.ThreadGroup: Starting thread group... number=1 threads=1 ramp-up=1 delayedStart=false
2023-12-05 19:35:38,647 INFO o.a.j.t.ThreadGroup: Started thread group number 1
2023-12-05 19:35:38,647 INFO o.a.j.e.StandardJMeterEngine: All thread groups have been started
2023-12-05 19:35:38,705 INFO o.a.j.t.JMeterThread: Thread started: Thread Group 1-1
2023-12-05 19:35:38,728 INFO o.a.j.p.h.s.HTTPHCAbstractImpl: Local host = DESKTOP-7I7O04N
2023-12-05 19:35:38,734 INFO o.a.j.p.h.s.HTTPHC4Impl: HTTP request retry count = 0
2023-12-05 19:35:38,736 INFO o.a.j.s.SampleResult: Note: Sample TimeStamps are START times
2023-12-05 19:35:38,736 INFO o.a.j.s.SampleResult: sampleresult.default.encoding is set to UTF-8
2023-12-05 19:35:38,736 INFO o.a.j.s.SampleResult: sampleresult.useNanoTime=true
2023-12-05 19:35:38,737 INFO o.a.j.s.SampleResult: sampleresult.nanoThreadSleep=5000
2023-12-05 19:35:39,341 INFO o.a.j.p.h.s.h.LazyLayeredConnectionSocketFactory: Setting up HTTPS TrustAll Socket Factory
2023-12-05 19:35:39,359 INFO o.a.j.u.JsseSSLManager: Using default SSL protocol: TLS
2023-12-05 19:35:39,359 INFO o.a.j.u.JsseSSLManager: SSL session context: per-thread
2023-12-05 19:35:39,467 INFO o.a.j.u.SSLManager: JmeterKeyStore Location:  type JKS
2023-12-05 19:35:39,472 INFO o.a.j.u.SSLManager: KeyStore created OK
2023-12-05 19:35:39,472 WARN o.a.j.u.SSLManager: Keystore file not found, loading empty keystore
2023-12-05 19:35:40,644 INFO o.a.j.t.JMeterThread: Thread is done: Thread Group 1-1
2023-12-05 19:35:40,645 INFO o.a.j.t.JMeterThread: Thread finished: Thread Group 1-1
2023-12-05 19:35:40,653 INFO o.a.j.e.StandardJMeterEngine: Notifying test listeners of end of test
2023-12-05 19:35:40,660 INFO o.a.j.r.Summariser: summary =     10 in 00:00:02 =    4.9/s Avg:   165 Min:    53 Max:   849 Err:     0 (0.00%)
2023-12-05 19:35:40,663 INFO o.a.j.JMeter: Generating Dashboard
2023-12-05 19:35:40,663 INFO o.a.j.r.d.ReportGenerator: Flushing result collector before report Generation
2023-12-05 19:35:40,725 INFO o.a.j.r.p.NormalizerSampleConsumer: Using format, 'ms', to parse timeStamp field
2023-12-05 19:35:40,831 INFO o.a.j.r.p.AbstractSampleConsumer: class org.apache.jmeter.report.processor.AggregateConsumer#stopProducing(): beginDate produced 0 samples
2023-12-05 19:35:40,832 INFO o.a.j.r.p.AbstractSampleConsumer: class org.apache.jmeter.report.processor.AggregateConsumer#stopProducing(): endDate produced 0 samples
2023-12-05 19:35:40,833 INFO o.a.j.r.p.AbstractSampleConsumer: class org.apache.jmeter.report.processor.ApdexSummaryConsumer#stopProducing(): apdexSummary produced 0 samples
2023-12-05 19:35:40,833 INFO o.a.j.r.p.AbstractSampleConsumer: class org.apache.jmeter.report.processor.RequestsSummaryConsumer#stopProducing(): requestsSummary produced 0 samples
2023-12-05 19:35:40,846 INFO o.a.j.r.p.AbstractSampleConsumer: class org.apache.jmeter.report.processor.StatisticsSummaryConsumer#stopProducing(): statisticsSummary produced 0 samples
2023-12-05 19:35:40,847 INFO o.a.j.r.p.AbstractSampleConsumer: class org.apache.jmeter.report.processor.Top5ErrorsBySamplerConsumer#stopProducing(): top5ErrorsBySampler produced 0 samples
2023-12-05 19:35:40,848 INFO o.a.j.r.p.AbstractSampleConsumer: class org.apache.jmeter.report.processor.ErrorsSummaryConsumer#stopProducing(): errorsSummary produced 0 samples
2023-12-05 19:35:40,848 INFO o.a.j.r.p.AbstractSampleConsumer: class org.apache.jmeter.report.processor.graph.impl.HitsPerSecondGraphConsumer#stopProducing(): hitsPerSecond produced 0 samples
2023-12-05 19:35:40,880 INFO o.a.j.r.p.AbstractSampleConsumer: class org.apache.jmeter.report.processor.graph.impl.LatencyVSRequestGraphConsumer#stopProducing(): latencyVsRequest produced 0 samples
2023-12-05 19:35:40,881 INFO o.a.j.r.p.AbstractSampleConsumer: class org.apache.jmeter.report.processor.graph.impl.SyntheticResponseTimeDistributionGraphConsumer#stopProducing(): syntheticResponseTimeDistribution produced 0 samples
2023-12-05 19:35:40,881 INFO o.a.j.r.p.AbstractSampleConsumer: class org.apache.jmeter.report.processor.graph.impl.BytesThroughputGraphConsumer#stopProducing(): bytesThroughputOverTime produced 0 samples
2023-12-05 19:35:40,881 INFO o.a.j.r.p.AbstractSampleConsumer: class org.apache.jmeter.report.processor.graph.impl.CodesPerSecondGraphConsumer#stopProducing(): codesPerSecond produced 0 samples
2023-12-05 19:35:40,885 INFO o.a.j.r.p.AbstractSampleConsumer: class org.apache.jmeter.report.processor.graph.impl.ResponseTimeVSRequestGraphConsumer#stopProducing(): responseTimeVsRequest produced 0 samples
2023-12-05 19:35:40,885 INFO o.a.j.r.p.AbstractSampleConsumer: class org.apache.jmeter.report.processor.FilterConsumer#stopProducing(): startIntervalControlerFilter produced 70 samples
2023-12-05 19:35:40,885 INFO o.a.j.r.p.AbstractSampleConsumer: class org.apache.jmeter.report.processor.graph.impl.TotalTPSGraphConsumer#stopProducing(): totalTPS produced 0 samples
2023-12-05 19:35:40,885 INFO o.a.j.r.p.AbstractSampleConsumer: class org.apache.jmeter.report.processor.graph.impl.ActiveThreadsGraphConsumer#stopProducing(): activeThreadsOverTime produced 0 samples
2023-12-05 19:35:40,885 INFO o.a.j.r.p.AbstractSampleConsumer: class org.apache.jmeter.report.processor.graph.impl.TimeVSThreadGraphConsumer#stopProducing(): timeVsThreads produced 0 samples
2023-12-05 19:35:40,886 INFO o.a.j.r.p.AbstractSampleConsumer: class org.apache.jmeter.report.processor.graph.impl.ResponseTimeDistributionGraphConsumer#stopProducing(): responseTimeDistribution produced 0 samples
2023-12-05 19:35:40,886 INFO o.a.j.r.p.AbstractSampleConsumer: class org.apache.jmeter.report.processor.graph.impl.TransactionsPerSecondGraphConsumer#stopProducing(): transactionsPerSecond produced 0 samples
2023-12-05 19:35:40,887 INFO o.a.j.r.p.AbstractSampleConsumer: class org.apache.jmeter.report.processor.graph.impl.ResponseTimePercentilesGraphConsumer#stopProducing(): responseTimePercentiles produced 0 samples
2023-12-05 19:35:40,890 INFO o.a.j.r.p.AbstractSampleConsumer: class org.apache.jmeter.report.processor.graph.impl.ResponseTimePercentilesOverTimeGraphConsumer#stopProducing(): responseTimePercentilesOverTime produced 0 samples
2023-12-05 19:35:40,890 INFO o.a.j.r.p.AbstractSampleConsumer: class org.apache.jmeter.report.processor.graph.impl.ResponseTimeOverTimeGraphConsumer#stopProducing(): responseTimesOverTime produced 0 samples
2023-12-05 19:35:40,890 INFO o.a.j.r.p.AbstractSampleConsumer: class org.apache.jmeter.report.processor.graph.impl.ConnectTimeOverTimeGraphConsumer#stopProducing(): connectTimeOverTime produced 0 samples
2023-12-05 19:35:40,891 INFO o.a.j.r.p.AbstractSampleConsumer: class org.apache.jmeter.report.processor.graph.impl.LatencyOverTimeGraphConsumer#stopProducing(): latenciesOverTime produced 0 samples
2023-12-05 19:35:40,891 INFO o.a.j.r.p.AbstractSampleConsumer: class org.apache.jmeter.report.processor.FilterConsumer#stopProducing(): nameFilter produced 150 samples
2023-12-05 19:35:40,891 INFO o.a.j.r.p.AbstractSampleConsumer: class org.apache.jmeter.report.processor.FilterConsumer#stopProducing(): dateRangeFilter produced 30 samples
2023-12-05 19:35:40,891 INFO o.a.j.r.p.AbstractSampleConsumer: class org.apache.jmeter.report.processor.NormalizerSampleConsumer#stopProducing(): normalizer produced 10 samples
2023-12-05 19:35:40,892 INFO o.a.j.r.p.CsvFileSampleSource: produce(): 10 samples produced in 138ms on channel 0
2023-12-05 19:35:40,892 INFO o.a.j.r.d.ReportGenerator: Exporting data using exporter:'json' of className:'org.apache.jmeter.report.dashboard.JsonExporter'
2023-12-05 19:35:41,077 INFO o.a.j.r.d.JsonExporter: Found data for consumer statisticsSummary in context
2023-12-05 19:35:41,077 INFO o.a.j.r.d.JsonExporter: Creating statistics for overall
2023-12-05 19:35:41,077 INFO o.a.j.r.d.JsonExporter: Creating statistics for other transactions
2023-12-05 19:35:41,078 INFO o.a.j.r.d.JsonExporter: Checking output folder
2023-12-05 19:35:41,079 INFO o.a.j.r.d.JsonExporter: Writing statistics JSON to E:\SQA Course\apache-jmeter-5.6.2\bin\Transaction_API_Testing\Reports\statistics.json
2023-12-05 19:35:41,160 INFO o.a.j.r.d.ReportGenerator: Exporting data using exporter:'html' of className:'org.apache.jmeter.report.dashboard.HtmlTemplateExporter'
2023-12-05 19:35:41,163 INFO o.a.j.r.d.HtmlTemplateExporter: Will generate dashboard in folder: E:\SQA Course\apache-jmeter-5.6.2\bin\Transaction_API_Testing\Reports
2023-12-05 19:35:41,391 INFO o.a.j.r.d.HtmlTemplateExporter: Report will be generated in: E:\SQA Course\apache-jmeter-5.6.2\bin\Transaction_API_Testing\Reports, creating folder structure
2023-12-05 19:35:41,393 INFO o.a.j.r.d.TemplateVisitor: Copying folder from 'E:\SQA Course\apache-jmeter-5.6.2\bin\report-template' to 'E:\SQA Course\apache-jmeter-5.6.2\bin\Transaction_API_Testing\Reports', got message: E:\SQA Course\apache-jmeter-5.6.2\bin\Transaction_API_Testing\Reports, found non empty folder with following content [E:\SQA Course\apache-jmeter-5.6.2\bin\Transaction_API_Testing\Reports\statistics.json], will be ignored
2023-12-05 19:35:42,153 INFO o.a.j.JMeter: Dashboard generated
